Determining if the pthread_create exist failed with the following output:
Change Dir: /home/malalves/Documents/sistemas evolutivos/ProjetoFinal/AG/build/CMakeFiles/CMakeTmp

Run Build Command:"/usr/bin/make" "cmTC_c61ba/fast"
/usr/bin/make -f CMakeFiles/cmTC_c61ba.dir/build.make CMakeFiles/cmTC_c61ba.dir/build
make[1]: Entering directory '/home/malalves/Documents/sistemas evolutivos/ProjetoFinal/AG/build/CMakeFiles/CMakeTmp'
Building C object CMakeFiles/cmTC_c61ba.dir/CheckSymbolExists.c.o
/usr/bin/cc     -o CMakeFiles/cmTC_c61ba.dir/CheckSymbolExists.c.o   -c "/home/malalves/Documents/sistemas evolutivos/ProjetoFinal/AG/build/CMakeFiles/CMakeTmp/CheckSymbolExists.c"
Linking C executable cmTC_c61ba
/usr/bin/cmake -E cmake_link_script CMakeFiles/cmTC_c61ba.dir/link.txt --verbose=1
/usr/bin/cc       CMakeFiles/cmTC_c61ba.dir/CheckSymbolExists.c.o  -o cmTC_c61ba -rdynamic 
CMakeFiles/cmTC_c61ba.dir/CheckSymbolExists.c.o: In function `main':
CheckSymbolExists.c:(.text+0x16): undefined reference to `pthread_create'
collect2: error: ld returned 1 exit status
CMakeFiles/cmTC_c61ba.dir/build.make:97: recipe for target 'cmTC_c61ba' failed
make[1]: *** [cmTC_c61ba] Error 1
make[1]: Leaving directory '/home/malalves/Documents/sistemas evolutivos/ProjetoFinal/AG/build/CMakeFiles/CMakeTmp'
Makefile:126: recipe for target 'cmTC_c61ba/fast' failed
make: *** [cmTC_c61ba/fast] Error 2

File /home/malalves/Documents/sistemas evolutivos/ProjetoFinal/AG/build/CMakeFiles/CMakeTmp/CheckSymbolExists.c:
/* */
#include <pthread.h>

int main(int argc, char** argv)
{
  (void)argv;
#ifndef pthread_create
  return ((int*)(&pthread_create))[argc];
#else
  (void)argc;
  return 0;
#endif
}

Determining if the function pthread_create exists in the pthreads failed with the following output:
Change Dir: /home/malalves/Documents/sistemas evolutivos/ProjetoFinal/AG/build/CMakeFiles/CMakeTmp

Run Build Command:"/usr/bin/make" "cmTC_8bc1b/fast"
/usr/bin/make -f CMakeFiles/cmTC_8bc1b.dir/build.make CMakeFiles/cmTC_8bc1b.dir/build
make[1]: Entering directory '/home/malalves/Documents/sistemas evolutivos/ProjetoFinal/AG/build/CMakeFiles/CMakeTmp'
Building C object CMakeFiles/cmTC_8bc1b.dir/CheckFunctionExists.c.o
/usr/bin/cc    -DCHECK_FUNCTION_EXISTS=pthread_create   -o CMakeFiles/cmTC_8bc1b.dir/CheckFunctionExists.c.o   -c /usr/share/cmake-3.5/Modules/CheckFunctionExists.c
Linking C executable cmTC_8bc1b
/usr/bin/cmake -E cmake_link_script CMakeFiles/cmTC_8bc1b.dir/link.txt --verbose=1
/usr/bin/cc   -DCHECK_FUNCTION_EXISTS=pthread_create    CMakeFiles/cmTC_8bc1b.dir/CheckFunctionExists.c.o  -o cmTC_8bc1b -rdynamic -lpthreads 
/usr/bin/ld: cannot find -lpthreads
collect2: error: ld returned 1 exit status
CMakeFiles/cmTC_8bc1b.dir/build.make:97: recipe for target 'cmTC_8bc1b' failed
make[1]: *** [cmTC_8bc1b] Error 1
make[1]: Leaving directory '/home/malalves/Documents/sistemas evolutivos/ProjetoFinal/AG/build/CMakeFiles/CMakeTmp'
Makefile:126: recipe for target 'cmTC_8bc1b/fast' failed
make: *** [cmTC_8bc1b/fast] Error 2


